

Version:	3.14
CmdLine:	C:\Users\Kamil Kapa³ka\Desktop\salesman\target\Project.exe --l4j-debug
WOW64:		yes
Working dir:	C:\Users\Kamil Kapa³ka\Desktop\salesman\target\.
Java min ver:	
Java max ver:	
Bundled JRE(s):	D:\Downloads\jdk-11.0.2
Check launcher:	D:\Downloads\jdk-11.0.2\bin\javaw.exe (OK)
Launcher:	D:\Downloads\jdk-11.0.2\bin\javaw.exe
Launcher args:	-jar "C:\Users\Kamil Kapa³ka\Desktop\salesman\target\Project.exe"
Args length:	65/32768 chars
Exit code:	0


Version:	3.14
CmdLine:	C:\Users\Kamil Kapa³ka\Desktop\salesman\target\Project.exe --l4j-debug
WOW64:		yes
Working dir:	C:\Users\Kamil Kapa³ka\Desktop\salesman\target\.
Java min ver:	
Java max ver:	
Bundled JRE(s):	D:\Downloads\jdk-11.0.2\bin
Check launcher:	D:\Downloads\jdk-11.0.2\bin\javaw.exe (OK)
Launcher:	D:\Downloads\jdk-11.0.2\bin\javaw.exe
Launcher args:	-jar "C:\Users\Kamil Kapa³ka\Desktop\salesman\target\Project.exe"
Args length:	65/32768 chars
Exit code:	0


Version:	3.14
CmdLine:	C:\Users\Kamil Kapa³ka\Desktop\salesman\target\Project.exe --l4j-debug
WOW64:		yes
Working dir:	C:\Users\Kamil Kapa³ka\Desktop\salesman\target\.
Java min ver:	
Java max ver:	
Bundled JRE(s):	D:\Downloads\jdk-16.0.1\bin
Check launcher:	D:\Downloads\jdk-16.0.1\bin\javaw.exe (OK)
Launcher:	D:\Downloads\jdk-16.0.1\bin\javaw.exe
Launcher args:	-jar "C:\Users\Kamil Kapa³ka\Desktop\salesman\target\Project.exe"
Args length:	65/32768 chars
Exit code:	0
